<?xml version="1.0" encoding="UTF-8"?>
<!-- Generated by org.testng.reporters.JUnitReportReporter -->
<testsuite hostname="HO-IT-LT84" failures="0" tests="1" name="testCases.TC_002_AddToCartTest" time="0.710" errors="0" timestamp="2025-10-05T21:23:08 WAT" skipped="0">
  <testcase classname="testCases.TC_002_AddToCartTest" name="verify_addToCart" time="0.710"/>
</testsuite> <!-- testCases.TC_002_AddToCartTest -->
