<?xml version="1.0" encoding="UTF-8"?>
<!-- Generated by org.testng.reporters.JUnitReportReporter -->
<testsuite hostname="HO-IT-LT84" failures="0" tests="1" name="testCases.TC_001_LoginTest" time="0.568" errors="0" timestamp="2025-10-04T20:23:17 WAT" skipped="0">
  <testcase classname="testCases.TC_001_LoginTest" name="verify_login" time="0.568"/>
</testsuite> <!-- testCases.TC_001_LoginTest -->
